This is pdfTeX, Version 3.14159265-2.6-1.40.16 (TeX Live 2015/Debian) (preloaded format=pdflatex 2017.4.26)  8 MAY 2017 21:17
entering extended mode
 restricted \write18 enabled.
 %&-line parsing enabled.
**introduction.tex
(./introduction.tex
LaTeX2e <2016/02/01>
Babel <3.9q> and hyphenation patterns for 81 language(s) loaded.
! Undefined control sequence.
l.1 \likechapter
                {–í—Å—Ç—É–ø}
The control sequence at the end of the top line
of your error message was never \def'ed. If you have
misspelled it (e.g., `\hobx'), type `I' and the correct
spelling (e.g., `I\hbox'). Otherwise just continue,
and I'll forget about whatever was undefined.


! LaTeX Error: Missing \begin{document}.

See the LaTeX manual or LaTeX Companion for explanation.
Type  H <return>  for immediate help.
 ...                                              
                                                  
l.1 \likechapter{–
                  í—Å—Ç—É–ø}
You're in trouble here.  Try typing  <return>  to proceed.
If that doesn't work, type  X <return>  to quit.

Missing character: There is no – in font nullfont!
Missing character: There is no í in font nullfont!
Missing character: There is no — in font nullfont!
Missing character: There is no Å in font nullfont!
Missing character: There is no — in font nullfont!
Missing character: There is no Ç in font nullfont!
Missing character: There is no — in font nullfont!
Missing character: There is no É in font nullfont!
Missing character: There is no – in font nullfont!
Missing character: There is no ø in font nullfont!
Missing character: There is no [ in font nullfont!
\citation{book:Knuth:TheTeXbook}
! Undefined control sequence.
<write> ...: Citation `\@citeb ' on page \thepage 
                                                  \space undefined\on@line .
l.2 \cite{book:Knuth:TheTeXbook}
                                
The control sequence at the end of the top line
of your error message was never \def'ed. If you have
misspelled it (e.g., `\hobx'), type `I' and the correct
spelling (e.g., `I\hbox'). Otherwise just continue,
and I'll forget about whatever was undefined.


LaTeX Warning: Citation `book:Knuth:TheTeXbook' on page  undefined on input lin
e 2.

Missing character: There is no ] in font nullfont!
Missing character: There is no [ in font nullfont!
\citation{manual:latex:Sjutkin}
! Undefined control sequence.
<write> ...: Citation `\@citeb ' on page \thepage 
                                                  \space undefined\on@line .
l.3 \cite{manual:latex:Sjutkin}
                               
The control sequence at the end of the top line
of your error message was never \def'ed. If you have
misspelled it (e.g., `\hobx'), type `I' and the correct
spelling (e.g., `I\hbox'). Otherwise just continue,
and I'll forget about whatever was undefined.


LaTeX Warning: Citation `manual:latex:Sjutkin' on page  undefined on input line
 3.

Missing character: There is no ] in font nullfont!
Missing character: There is no [ in font nullfont!
\citation{habr:latex:bacDiplom}
! Undefined control sequence.
<write> ...: Citation `\@citeb ' on page \thepage 
                                                  \space undefined\on@line .
l.4 \cite{habr:latex:bacDiplom}
                               
The control sequence at the end of the top line
of your error message was never \def'ed. If you have
misspelled it (e.g., `\hobx'), type `I' and the correct
spelling (e.g., `I\hbox'). Otherwise just continue,
and I'll forget about whatever was undefined.


LaTeX Warning: Citation `habr:latex:bacDiplom' on page  undefined on input line
 4.

Missing character: There is no ] in font nullfont!
Missing character: There is no [ in font nullfont!
\citation{book:Stolyarov:latexDiplom}
! Undefined control sequence.
<write> ...: Citation `\@citeb ' on page \thepage 
                                                  \space undefined\on@line .
l.5 \cite{book:Stolyarov:latexDiplom}
                                     
The control sequence at the end of the top line
of your error message was never \def'ed. If you have
misspelled it (e.g., `\hobx'), type `I' and the correct
spelling (e.g., `I\hbox'). Otherwise just continue,
and I'll forget about whatever was undefined.


LaTeX Warning: Citation `book:Stolyarov:latexDiplom' on page  undefined on inpu
t line 5.

Missing character: There is no ] in font nullfont!
Missing character: There is no [ in font nullfont!
\citation{habr:latex:tempDisser}
! Undefined control sequence.
<write> ...: Citation `\@citeb ' on page \thepage 
                                                  \space undefined\on@line .
l.6 \cite{habr:latex:tempDisser}
                                
The control sequence at the end of the top line
of your error message was never \def'ed. If you have
misspelled it (e.g., `\hobx'), type `I' and the correct
spelling (e.g., `I\hbox'). Otherwise just continue,
and I'll forget about whatever was undefined.


LaTeX Warning: Citation `habr:latex:tempDisser' on page  undefined on input lin
e 6.

Missing character: There is no ] in font nullfont!
Missing character: There is no [ in font nullfont!
Missing character: There is no ] in font nullfont!
Missing character: There is no [ in font nullfont!
Missing character: There is no ] in font nullfont!

Overfull \hbox (20.0pt too wide) in paragraph at lines 1--9
[]
 []


Overfull \hbox (5.43053pt too wide) in paragraph at lines 1--9
[]
 []


Overfull \hbox (5.43053pt too wide) in paragraph at lines 1--9
[]
 []


Overfull \hbox (5.43053pt too wide) in paragraph at lines 1--9
[]
 []


Overfull \hbox (5.43053pt too wide) in paragraph at lines 1--9
[]
 []


Overfull \hbox (5.43053pt too wide) in paragraph at lines 1--9
[]
 []


! LaTeX Error: Missing \begin{document}.

See the LaTeX manual or LaTeX Companion for explanation.
Type  H <return>  for immediate help.
 ...                                              
                                                  
l.10 \[
       
You're in trouble here.  Try typing  <return>  to proceed.
If that doesn't work, type  X <return>  to quit.


Overfull \hbox (20.0pt too wide) in paragraph at lines 10--10
[][] 
 []

LaTeX Font Info:    External font `cmex10' loaded for size
(Font)              <7> on input line 10.
LaTeX Font Info:    External font `cmex10' loaded for size
(Font)              <5> on input line 10.

Overfull \hbox (87.87971pt too wide) detected at line 12
[][] \OML/cmm/m/it/10 e[]dx \OT1/cmr/m/n/10 = []
 []

)
! Emergency stop.
<*> introduction.tex
                    
*** (job aborted, no legal \end found)

 
Here is how much of TeX's memory you used:
 15 strings out of 493029
 325 string characters out of 6136234
 53090 words of memory out of 5000000
 3650 multiletter control sequences out of 15000+600000
 3948 words of font info for 15 fonts, out of 8000000 for 9000
 1141 hyphenation exceptions out of 8191
 20i,2n,26p,81b,93s stack positions out of 5000i,500n,10000p,200000b,80000s
!  ==> Fatal error occurred, no output PDF file produced!
